Base-URL
Http-URL
Original-Path
Original-URL
Path
Proxy-Request-FullURI
Proxy-URL
Referer
Request-URI
URI
URL
X-Accel-Redirect
X-Cf-URL
X-Envoy-Original-Path
X-Flx-Redirect-URL
X-Forwarded-Path
X-Forwarded-URI
X-Forwarded-URL
X-HTTP-DestinationURL
X-HTTP-Path-Override
X-MS-Endpoint-Absolute-Path
X-Ning-Request-URI
X-Original-Path
X-Original-URI
X-Original-URL
X-Override-URL
X-Path
X-Proxy-Request
X-Proxy-URL
X-Referer
X-Referrer
X-Rewrite-URI
X-Rewrite-URL
X-Route-Request
X-Sendfile
X-URI
X-URL
X-Wap-Profile
X-Waws-Unencoded-URL
