Access-Control-Allow-Origin
Base-Url
CF-Connecting_IP
CF-Connecting-IP
Client-IP
Destination
Forwarded-For-IP
Forwarded-For
Forwarded
Host
Http-Url
Origin
Profile
Proxy-Host
Proxy-Url
Proxy
Real-Ip
Redirect
Referer
Referrer
Request-Uri
True-Client-IP
Uri
Url
X-Arbitrary
X-Client-IP
X-Custom-IP-Authorization
X-Forward-For
X-Forwarded-By
X-Forwarded-For-Original
X-Forwarded-For
X-Forwarded-Host
X-Forwarded-Proto
X-Forwarded-Server
X-Forwarded
X-Forwarder-For
X-Host
X-Http-Destinationurl
X-HTTP-DestinationURL
X-Http-Host-Override
X-Original-Remote-Addr
X-Original-URL
X-Originally-Forwarded-For
X-Originating-
X-Originating-IP
X-Proxy-Url
X-ProxyUser-Ip
X-Real-Ip
X-Referrer
X-Remote-Addr
X-Remote-IP
X-Rewrite-URL
X-WAP-Profile